[2024-01-31 15:46:48,905] multiqc                                            [DEBUG  ]  This is MultiQC v1.19
[2024-01-31 15:46:48,907] multiqc                                            [DEBUG  ]  Command used: /home/ndebruy/miniconda3/envs/diy-rnaseq/bin/multiqc -d .
[2024-01-31 15:46:49,086] multiqc                                            [DEBUG  ]  Latest MultiQC version is v1.19
[2024-01-31 15:46:49,086] multiqc                                            [DEBUG  ]  Working dir : /mnt/c/Users/ndebruy/Documents/Classes/CAMB7140_DIYTranscriptomics/course_dataset
[2024-01-31 15:46:49,086] multiqc                                            [DEBUG  ]  Template    : default
[2024-01-31 15:46:49,086] multiqc                                            [DEBUG  ]  Running Python 3.11.7 | packaged by conda-forge | (main, Dec 23 2023, 14:43:09) [GCC 12.3.0]
[2024-01-31 15:46:49,086] multiqc                                            [INFO   ]  Prepending directory to sample names
[2024-01-31 15:46:49,087] multiqc                                            [DEBUG  ]  Analysing modules: custom_content, ccs, ngsderive, purple, conpair, lima, peddy, somalier, methylQA, mosdepth, phantompeakqualtools, qualimap, preseq, hifiasm, quast, qorts, rna_seqc, rockhopper, rsem, rseqc, busco, bustools, goleft_indexcov, gffcompare, disambiguate, supernova, deeptools, sargasso, verifybamid, mirtrace, happy, mirtop, sambamba, gopeaks, homer, hops, macs2, theta2, snpeff, gatk, htseq, bcftools, featureCounts, fgbio, dragen, dragen_fastqc, dedup, pbmarkdup, damageprofiler, mapdamage, biobambam2, jcvi, mtnucratio, picard, vep, bakta, prokka, qc3C, nanostat, samblaster, samtools, sexdeterrmine, seqera_cli, eigenstratdatabasetools, bamtools, jellyfish, vcftools, longranger, stacks, varscan2, snippy, umitools, truvari, bbmap, bismark, biscuit, diamond, hicexplorer, hicup, hicpro, salmon, kallisto, slamdunk, star, hisat2, tophat, bowtie2, bowtie1, cellranger, snpsplit, odgi, pangolin, nextclade, freyja, humid, kat, leehom, librarian, adapterRemoval, bbduk, clipandmerge, cutadapt, flexbar, sourmash, kaiju, bracken, kraken, malt, motus, trimmomatic, sickle, skewer, sortmerna, biobloomtools, fastq_screen, afterqc, fastp, fastqc, filtlong, prinseqplusplus, pychopper, porechop, pycoqc, minionqc, anglerfish, multivcfanalyzer, clusterflow, checkqc, bcl2fastq, bclconvert, interop, ivar, flash, seqyclean, optitype, whatshap, xenome, xengsort
[2024-01-31 15:46:49,087] multiqc                                            [DEBUG  ]  Using temporary directory for creating report: /tmp/tmpxyqsf8mh
[2024-01-31 15:46:49,088] multiqc                                            [INFO   ]  Search path : /mnt/c/Users/ndebruy/Documents/Classes/CAMB7140_DIYTranscriptomics/course_dataset
[2024-01-31 15:46:49,894] multiqc                                            [DEBUG  ]  Summary of files that were skipped by the search: [skipped_module_specific_max_filesize: 441] // [skipped_no_match: 52] // [skipped_filesize_limit: 8] // [skipped_ignore_pattern: 3]
[2024-01-31 15:46:50,052] multiqc.plots.bargraph                             [DEBUG  ]  Using matplotlib version 3.8.2
[2024-01-31 15:46:50,053] multiqc.plots.linegraph                            [DEBUG  ]  Using matplotlib version 3.8.2
[2024-01-31 15:46:50,053] multiqc                                            [DEBUG  ]  No samples found: custom_content
[2024-01-31 15:46:50,068] multiqc.modules.kallisto.kallisto                  [INFO   ]  Found 10 reports
[2024-01-31 15:46:50,085] multiqc.modules.fastp.fastp                        [INFO   ]  Found 10 reports
[2024-01-31 15:46:50,085] multiqc.modules.fastp.fastp                        [DEBUG  ]  fastp JSON did not have a 'adapter_cutting' key, skipping: 'fastp | SRR8668755 | SRR8668755'
[2024-01-31 15:46:50,085] multiqc.modules.fastp.fastp                        [DEBUG  ]  Could not calculate 'pct_adapter' (KeyError): fastp | SRR8668755 | SRR8668755
[2024-01-31 15:46:50,085] multiqc.modules.fastp.fastp                        [DEBUG  ]  No duplication rate plot data: fastp | SRR8668755 | SRR8668755
[2024-01-31 15:46:50,085] multiqc.modules.fastp.fastp                        [DEBUG  ]  No insert size plot data: fastp | SRR8668755 | SRR8668755
[2024-01-31 15:46:50,086] multiqc.modules.fastp.fastp                        [DEBUG  ]  Read quality read2_before_filtering not found: fastp | SRR8668755 | SRR8668755
[2024-01-31 15:46:50,086] multiqc.modules.fastp.fastp                        [DEBUG  ]  Content curve data read2_before_filtering not found: fastp | SRR8668755 | SRR8668755
[2024-01-31 15:46:50,086] multiqc.modules.fastp.fastp                        [DEBUG  ]  Read quality read2_after_filtering not found: fastp | SRR8668755 | SRR8668755
[2024-01-31 15:46:50,086] multiqc.modules.fastp.fastp                        [DEBUG  ]  Content curve data read2_after_filtering not found: fastp | SRR8668755 | SRR8668755
[2024-01-31 15:46:50,086] multiqc.modules.fastp.fastp                        [DEBUG  ]  fastp JSON did not have a 'adapter_cutting' key, skipping: 'fastp | SRR8668756 | SRR8668756'
[2024-01-31 15:46:50,086] multiqc.modules.fastp.fastp                        [DEBUG  ]  Could not calculate 'pct_adapter' (KeyError): fastp | SRR8668756 | SRR8668756
[2024-01-31 15:46:50,086] multiqc.modules.fastp.fastp                        [DEBUG  ]  No duplication rate plot data: fastp | SRR8668756 | SRR8668756
[2024-01-31 15:46:50,086] multiqc.modules.fastp.fastp                        [DEBUG  ]  No insert size plot data: fastp | SRR8668756 | SRR8668756
[2024-01-31 15:46:50,086] multiqc.modules.fastp.fastp                        [DEBUG  ]  Read quality read2_before_filtering not found: fastp | SRR8668756 | SRR8668756
[2024-01-31 15:46:50,086] multiqc.modules.fastp.fastp                        [DEBUG  ]  Content curve data read2_before_filtering not found: fastp | SRR8668756 | SRR8668756
[2024-01-31 15:46:50,086] multiqc.modules.fastp.fastp                        [DEBUG  ]  Read quality read2_after_filtering not found: fastp | SRR8668756 | SRR8668756
[2024-01-31 15:46:50,086] multiqc.modules.fastp.fastp                        [DEBUG  ]  Content curve data read2_after_filtering not found: fastp | SRR8668756 | SRR8668756
[2024-01-31 15:46:50,086] multiqc.modules.fastp.fastp                        [DEBUG  ]  fastp JSON did not have a 'adapter_cutting' key, skipping: 'fastp | SRR8668757 | SRR8668757'
[2024-01-31 15:46:50,086] multiqc.modules.fastp.fastp                        [DEBUG  ]  Could not calculate 'pct_adapter' (KeyError): fastp | SRR8668757 | SRR8668757
[2024-01-31 15:46:50,086] multiqc.modules.fastp.fastp                        [DEBUG  ]  No duplication rate plot data: fastp | SRR8668757 | SRR8668757
[2024-01-31 15:46:50,086] multiqc.modules.fastp.fastp                        [DEBUG  ]  No insert size plot data: fastp | SRR8668757 | SRR8668757
[2024-01-31 15:46:50,086] multiqc.modules.fastp.fastp                        [DEBUG  ]  Read quality read2_before_filtering not found: fastp | SRR8668757 | SRR8668757
[2024-01-31 15:46:50,086] multiqc.modules.fastp.fastp                        [DEBUG  ]  Content curve data read2_before_filtering not found: fastp | SRR8668757 | SRR8668757
[2024-01-31 15:46:50,086] multiqc.modules.fastp.fastp                        [DEBUG  ]  Read quality read2_after_filtering not found: fastp | SRR8668757 | SRR8668757
[2024-01-31 15:46:50,086] multiqc.modules.fastp.fastp                        [DEBUG  ]  Content curve data read2_after_filtering not found: fastp | SRR8668757 | SRR8668757
[2024-01-31 15:46:50,086] multiqc.modules.fastp.fastp                        [DEBUG  ]  fastp JSON did not have a 'adapter_cutting' key, skipping: 'fastp | SRR8668758 | SRR8668758'
[2024-01-31 15:46:50,086] multiqc.modules.fastp.fastp                        [DEBUG  ]  Could not calculate 'pct_adapter' (KeyError): fastp | SRR8668758 | SRR8668758
[2024-01-31 15:46:50,086] multiqc.modules.fastp.fastp                        [DEBUG  ]  No duplication rate plot data: fastp | SRR8668758 | SRR8668758
[2024-01-31 15:46:50,086] multiqc.modules.fastp.fastp                        [DEBUG  ]  No insert size plot data: fastp | SRR8668758 | SRR8668758
[2024-01-31 15:46:50,086] multiqc.modules.fastp.fastp                        [DEBUG  ]  Read quality read2_before_filtering not found: fastp | SRR8668758 | SRR8668758
[2024-01-31 15:46:50,086] multiqc.modules.fastp.fastp                        [DEBUG  ]  Content curve data read2_before_filtering not found: fastp | SRR8668758 | SRR8668758
[2024-01-31 15:46:50,086] multiqc.modules.fastp.fastp                        [DEBUG  ]  Read quality read2_after_filtering not found: fastp | SRR8668758 | SRR8668758
[2024-01-31 15:46:50,086] multiqc.modules.fastp.fastp                        [DEBUG  ]  Content curve data read2_after_filtering not found: fastp | SRR8668758 | SRR8668758
[2024-01-31 15:46:50,086] multiqc.modules.fastp.fastp                        [DEBUG  ]  No duplication rate plot data: fastp | SRR8668759 | SRR8668759
[2024-01-31 15:46:50,086] multiqc.modules.fastp.fastp                        [DEBUG  ]  No insert size plot data: fastp | SRR8668759 | SRR8668759
[2024-01-31 15:46:50,086] multiqc.modules.fastp.fastp                        [DEBUG  ]  Read quality read2_before_filtering not found: fastp | SRR8668759 | SRR8668759
[2024-01-31 15:46:50,086] multiqc.modules.fastp.fastp                        [DEBUG  ]  Content curve data read2_before_filtering not found: fastp | SRR8668759 | SRR8668759
[2024-01-31 15:46:50,086] multiqc.modules.fastp.fastp                        [DEBUG  ]  Read quality read2_after_filtering not found: fastp | SRR8668759 | SRR8668759
[2024-01-31 15:46:50,086] multiqc.modules.fastp.fastp                        [DEBUG  ]  Content curve data read2_after_filtering not found: fastp | SRR8668759 | SRR8668759
[2024-01-31 15:46:50,086] multiqc.modules.fastp.fastp                        [DEBUG  ]  fastp JSON did not have a 'adapter_cutting' key, skipping: 'fastp | SRR8668769 | SRR8668769'
[2024-01-31 15:46:50,086] multiqc.modules.fastp.fastp                        [DEBUG  ]  Could not calculate 'pct_adapter' (KeyError): fastp | SRR8668769 | SRR8668769
[2024-01-31 15:46:50,086] multiqc.modules.fastp.fastp                        [DEBUG  ]  No duplication rate plot data: fastp | SRR8668769 | SRR8668769
[2024-01-31 15:46:50,086] multiqc.modules.fastp.fastp                        [DEBUG  ]  No insert size plot data: fastp | SRR8668769 | SRR8668769
[2024-01-31 15:46:50,086] multiqc.modules.fastp.fastp                        [DEBUG  ]  Read quality read2_before_filtering not found: fastp | SRR8668769 | SRR8668769
[2024-01-31 15:46:50,086] multiqc.modules.fastp.fastp                        [DEBUG  ]  Content curve data read2_before_filtering not found: fastp | SRR8668769 | SRR8668769
[2024-01-31 15:46:50,086] multiqc.modules.fastp.fastp                        [DEBUG  ]  Read quality read2_after_filtering not found: fastp | SRR8668769 | SRR8668769
[2024-01-31 15:46:50,086] multiqc.modules.fastp.fastp                        [DEBUG  ]  Content curve data read2_after_filtering not found: fastp | SRR8668769 | SRR8668769
[2024-01-31 15:46:50,086] multiqc.modules.fastp.fastp                        [DEBUG  ]  fastp JSON did not have a 'adapter_cutting' key, skipping: 'fastp | SRR8668771 | SRR8668771'
[2024-01-31 15:46:50,086] multiqc.modules.fastp.fastp                        [DEBUG  ]  Could not calculate 'pct_adapter' (KeyError): fastp | SRR8668771 | SRR8668771
[2024-01-31 15:46:50,086] multiqc.modules.fastp.fastp                        [DEBUG  ]  No duplication rate plot data: fastp | SRR8668771 | SRR8668771
[2024-01-31 15:46:50,086] multiqc.modules.fastp.fastp                        [DEBUG  ]  No insert size plot data: fastp | SRR8668771 | SRR8668771
[2024-01-31 15:46:50,086] multiqc.modules.fastp.fastp                        [DEBUG  ]  Read quality read2_before_filtering not found: fastp | SRR8668771 | SRR8668771
[2024-01-31 15:46:50,086] multiqc.modules.fastp.fastp                        [DEBUG  ]  Content curve data read2_before_filtering not found: fastp | SRR8668771 | SRR8668771
[2024-01-31 15:46:50,086] multiqc.modules.fastp.fastp                        [DEBUG  ]  Read quality read2_after_filtering not found: fastp | SRR8668771 | SRR8668771
[2024-01-31 15:46:50,086] multiqc.modules.fastp.fastp                        [DEBUG  ]  Content curve data read2_after_filtering not found: fastp | SRR8668771 | SRR8668771
[2024-01-31 15:46:50,086] multiqc.modules.fastp.fastp                        [DEBUG  ]  fastp JSON did not have a 'adapter_cutting' key, skipping: 'fastp | SRR8668772 | SRR8668772'
[2024-01-31 15:46:50,086] multiqc.modules.fastp.fastp                        [DEBUG  ]  Could not calculate 'pct_adapter' (KeyError): fastp | SRR8668772 | SRR8668772
[2024-01-31 15:46:50,086] multiqc.modules.fastp.fastp                        [DEBUG  ]  No duplication rate plot data: fastp | SRR8668772 | SRR8668772
[2024-01-31 15:46:50,086] multiqc.modules.fastp.fastp                        [DEBUG  ]  No insert size plot data: fastp | SRR8668772 | SRR8668772
[2024-01-31 15:46:50,086] multiqc.modules.fastp.fastp                        [DEBUG  ]  Read quality read2_before_filtering not found: fastp | SRR8668772 | SRR8668772
[2024-01-31 15:46:50,086] multiqc.modules.fastp.fastp                        [DEBUG  ]  Content curve data read2_before_filtering not found: fastp | SRR8668772 | SRR8668772
[2024-01-31 15:46:50,086] multiqc.modules.fastp.fastp                        [DEBUG  ]  Read quality read2_after_filtering not found: fastp | SRR8668772 | SRR8668772
[2024-01-31 15:46:50,086] multiqc.modules.fastp.fastp                        [DEBUG  ]  Content curve data read2_after_filtering not found: fastp | SRR8668772 | SRR8668772
[2024-01-31 15:46:50,086] multiqc.modules.fastp.fastp                        [DEBUG  ]  fastp JSON did not have a 'adapter_cutting' key, skipping: 'fastp | SRR8668773 | SRR8668773'
[2024-01-31 15:46:50,086] multiqc.modules.fastp.fastp                        [DEBUG  ]  Could not calculate 'pct_adapter' (KeyError): fastp | SRR8668773 | SRR8668773
[2024-01-31 15:46:50,087] multiqc.modules.fastp.fastp                        [DEBUG  ]  No duplication rate plot data: fastp | SRR8668773 | SRR8668773
[2024-01-31 15:46:50,087] multiqc.modules.fastp.fastp                        [DEBUG  ]  No insert size plot data: fastp | SRR8668773 | SRR8668773
[2024-01-31 15:46:50,087] multiqc.modules.fastp.fastp                        [DEBUG  ]  Read quality read2_before_filtering not found: fastp | SRR8668773 | SRR8668773
[2024-01-31 15:46:50,087] multiqc.modules.fastp.fastp                        [DEBUG  ]  Content curve data read2_before_filtering not found: fastp | SRR8668773 | SRR8668773
[2024-01-31 15:46:50,087] multiqc.modules.fastp.fastp                        [DEBUG  ]  Read quality read2_after_filtering not found: fastp | SRR8668773 | SRR8668773
[2024-01-31 15:46:50,087] multiqc.modules.fastp.fastp                        [DEBUG  ]  Content curve data read2_after_filtering not found: fastp | SRR8668773 | SRR8668773
[2024-01-31 15:46:50,087] multiqc.modules.fastp.fastp                        [DEBUG  ]  fastp JSON did not have a 'adapter_cutting' key, skipping: 'fastp | SRR8668774 | SRR8668774'
[2024-01-31 15:46:50,087] multiqc.modules.fastp.fastp                        [DEBUG  ]  Could not calculate 'pct_adapter' (KeyError): fastp | SRR8668774 | SRR8668774
[2024-01-31 15:46:50,087] multiqc.modules.fastp.fastp                        [DEBUG  ]  No duplication rate plot data: fastp | SRR8668774 | SRR8668774
[2024-01-31 15:46:50,087] multiqc.modules.fastp.fastp                        [DEBUG  ]  No insert size plot data: fastp | SRR8668774 | SRR8668774
[2024-01-31 15:46:50,087] multiqc.modules.fastp.fastp                        [DEBUG  ]  Read quality read2_before_filtering not found: fastp | SRR8668774 | SRR8668774
[2024-01-31 15:46:50,087] multiqc.modules.fastp.fastp                        [DEBUG  ]  Content curve data read2_before_filtering not found: fastp | SRR8668774 | SRR8668774
[2024-01-31 15:46:50,087] multiqc.modules.fastp.fastp                        [DEBUG  ]  Read quality read2_after_filtering not found: fastp | SRR8668774 | SRR8668774
[2024-01-31 15:46:50,087] multiqc.modules.fastp.fastp                        [DEBUG  ]  Content curve data read2_after_filtering not found: fastp | SRR8668774 | SRR8668774
[2024-01-31 15:46:50,143] multiqc.modules.fastqc.fastqc                      [INFO   ]  Found 11 reports
[2024-01-31 15:46:50,163] multiqc.utils.software_versions                    [DEBUG  ]  Reading software versions from config.software_versions
[2024-01-31 15:46:50,173] multiqc                                            [DEBUG  ]  Compressing plot data
[2024-01-31 15:46:50,320] multiqc                                            [INFO   ]  Report      : multiqc_report.html
[2024-01-31 15:46:50,320] multiqc                                            [INFO   ]  Data        : multiqc_data
[2024-01-31 15:46:50,321] multiqc                                            [DEBUG  ]  Moving data file from '/tmp/tmpxyqsf8mh/multiqc_data' to '/mnt/c/Users/ndebruy/Documents/Classes/CAMB7140_DIYTranscriptomics/course_dataset/multiqc_data'
[2024-01-31 15:46:50,369] multiqc                                            [DEBUG  ]  Full report path: /mnt/c/Users/ndebruy/Documents/Classes/CAMB7140_DIYTranscriptomics/course_dataset/multiqc_report.html
[2024-01-31 15:46:50,413] multiqc                                            [INFO   ]  MultiQC complete
